** Message: 10:18:16.597: environement.vala:58: Exporting primary_variable
** Message: 10:18:16.597: environement.vala:59: desktop_environnement XDG_CURRENT_DESKTOP
** Message: 10:18:16.598: environement.vala:150: confir_dirs is null, export : /etc/xdg
** Message: 10:18:16.598: environement.vala:184: Exporting XDG_CONFIG_DIRS
** Message: 10:18:16.598: environement.vala:218: custom_data :
** Message: 10:18:16.599: environement.vala:219: data_dirs :/usr/local/share:/usr/share/raspi-ui-overrides:/usr/share:/usr/share/gdm:/var/lib/menu-xdg
** Message: 10:18:16.599: environement.vala:220: data_dirs not null, export : /usr/local/share:/usr/share/raspi-ui-overrides:/usr/share:/usr/share/gdm:/var/lib/menu-xdg
** Message: 10:18:16.599: environement.vala:225: Exporting XDG_DATA_DIRS
** Message: 10:18:16.600: utils.vala:138: Config system location : /etc/xdg/lxsession/LXDE-pi
** Message: 10:18:16.615: utils.vala:144: System system path location : /etc/xdg/lxsession/LXDE-pi/desktop.conf
** Message: 10:18:16.615: utils.vala:148: Final file used : /etc/xdg/lxsession/LXDE-pi/desktop.conf
** Message: 10:18:16.616: utils.vala:39: Config system location : /etc/xdg/lxsession/LXDE-pi
** Message: 10:18:16.616: utils.vala:45: System system path location : /etc/xdg/lxsession/LXDE-pi/desktop.conf

** (lxsession:806): WARNING **: 10:18:16.632: utils.vala:70: No such file or directory
** Message: 10:18:16.633: settings.vala:540: Key file does not have key “iGtk/ColorScheme” in group “GTK”
** Message: 10:18:16.633: settings.vala:540: Key file does not have key “windows_manager/command” in group “Session”
** Message: 10:18:16.633: settings.vala:540: Key file does not have key “panel/command” in group “Session”
** Message: 10:18:16.634: settings.vala:540: Key file does not have key “dock/command” in group “Session”
** Message: 10:18:16.634: settings.vala:540: Key file does not have key “file_manager/command” in group “Session”
** Message: 10:18:16.634: settings.vala:540: Key file does not have key “desktop_manager/command” in group “Session”
** Message: 10:18:16.635: settings.vala:540: Key file does not have key “launcher_manager/autostart” in group “Session”
** Message: 10:18:16.635: settings.vala:540: Key file does not have key “composite_manager/command” in group “Session”
** Message: 10:18:16.635: settings.vala:540: Key file does not have key “im1/command” in group “Session”
** Message: 10:18:16.636: settings.vala:540: Key file does not have key “im2/command” in group “Session”
** Message: 10:18:16.636: settings.vala:540: Key file does not have key “widget1/command” in group “Session”
** Message: 10:18:16.636: settings.vala:540: Key file does not have key “notification/command” in group “Session”
** Message: 10:18:16.636: settings.vala:540: Key file does not have key “keybindings/command” in group “Session”
** Message: 10:18:16.637: settings.vala:540: Key file does not have key “im_manager/command” in group “Session”
** Message: 10:18:16.637: settings.vala:540: Key file does not have key “screensaver/command” in group “Session”
** Message: 10:18:16.637: settings.vala:540: Key file does not have key “power_manager/command” in group “Session”
** Message: 10:18:16.638: settings.vala:540: Key file does not have key “audio_manager/command” in group “Session”
** Message: 10:18:16.639: settings.vala:540: Key file does not have key “workspace_manager/command” in group “Session”
** Message: 10:18:16.639: settings.vala:540: Key file does not have key “screenshot_manager/command” in group “Session”
** Message: 10:18:16.640: settings.vala:540: Key file does not have key “message_manager/command” in group “Session”
** Message: 10:18:16.640: settings.vala:540: Key file does not have key “upgrade_manager/command” in group “Session”
** Message: 10:18:16.652: settings.vala:540: Key file does not have key “updates_manager/command” in group “Session”
** Message: 10:18:16.658: settings.vala:540: Key file does not have key “updates_manager/timeout” in group “Session”
** Message: 10:18:16.671: settings.vala:540: Key file does not have key “crash_manager/command” in group “Session”
** Message: 10:18:16.671: settings.vala:540: Key file does not have key “crash_manager/dev_mode” in group “Session”
** Message: 10:18:16.672: settings.vala:540: Key file does not have key “crash_manager/timeout” in group “Session”
** Message: 10:18:16.672: settings.vala:540: Key file does not have key “upstart_user_session” in group “Session”
** Message: 10:18:16.673: settings.vala:540: Key file does not have key “proxy_manager/http” in group “Session”
** Message: 10:18:16.673: settings.vala:540: Key file does not have key “a11y/command” in group “Session”
** Message: 10:18:16.674: settings.vala:540: Key file does not have key “xrandr/command” in group “Session”
** Message: 10:18:16.674: settings.vala:540: Key file does not have key “network_gui/command” in group “Session”
** Message: 10:18:16.674: settings.vala:540: Key file does not have key “webbrowser/command” in group “Session”
** Message: 10:18:16.675: settings.vala:540: Key file does not have key “email/command” in group “Session”
** Message: 10:18:16.675: settings.vala:540: Key file does not have key “pdf_reader/command” in group “Session”
** Message: 10:18:16.676: settings.vala:540: Key file does not have key “video_player/command” in group “Session”
** Message: 10:18:16.676: settings.vala:540: Key file does not have key “audio_player/command” in group “Session”
** Message: 10:18:16.676: settings.vala:540: Key file does not have key “image_display/command” in group “Session”
** Message: 10:18:16.677: settings.vala:540: Key file does not have key “text_editor/command” in group “Session”
** Message: 10:18:16.677: settings.vala:540: Key file does not have key “archive/command” in group “Session”
** Message: 10:18:16.678: settings.vala:540: Key file does not have key “charmap/command” in group “Session”
** Message: 10:18:16.678: settings.vala:540: Key file does not have key “calculator/command” in group “Session”
** Message: 10:18:16.678: settings.vala:540: Key file does not have key “spreadsheet/command” in group “Session”
** Message: 10:18:16.679: settings.vala:540: Key file does not have key “bittorent/command” in group “Session”
** Message: 10:18:16.679: settings.vala:540: Key file does not have key “document/command” in group “Session”
** Message: 10:18:16.680: settings.vala:540: Key file does not have key “webcam/command” in group “Session”
** Message: 10:18:16.680: settings.vala:540: Key file does not have key “burn/command” in group “Session”
** Message: 10:18:16.715: settings.vala:540: Key file does not have key “notes/command” in group “Session”
** Message: 10:18:16.715: settings.vala:540: Key file does not have key “disk_utility/command” in group “Session”
** Message: 10:18:16.716: settings.vala:540: Key file does not have key “tasks/command” in group “Session”
** Message: 10:18:16.716: settings.vala:540: Key file does not have group “Keymap”
** Message: 10:18:16.716: settings.vala:540: Key file does not have key “laptop_mode” in group “State”
** Message: 10:18:16.717: settings.vala:540: Key file does not have key “gnome” in group “Dbus”
** Message: 10:18:16.717: settings.vala:540: Key file does not have key “type” in group “Environment”
** Message: 10:18:16.718: settings.vala:540: Key file does not have key “ubuntu_menuproxy” in group “Environment”
** Message: 10:18:16.718: settings.vala:540: Key file does not have key “toolkit_integration” in group “Environment”
** Message: 10:18:16.718: settings.vala:540: Key file does not have key “gtk/overlay_scrollbar_disable” in group “Environment”
** Message: 10:18:16.719: settings.vala:540: Key file does not have key “qt/force_theme” in group “Environment”
** Message: 10:18:16.719: settings.vala:540: Key file does not have key “qt/platform” in group “Environment”
** Message: 10:18:16.781: settings.vala:462: Monitoring: /etc/xdg/lxsession/LXDE-pi/desktop.conf
** Message: 10:18:16.782: settings.vala:470: Desktop file is not in config home, monitoring creation of it
** Message: 10:18:16.788: settings.vala:485: Monitoring home path: /home/parthapi/.config/lxsession/LXDE-pi/desktop.conf
** Message: 10:18:16.789: environement.vala:79: Exporting variable
** Message: 10:18:16.789: environement.vala:80: desktop_environnement XDG_CURRENT_DESKTOP
** Message: 10:18:16.789: environement.vala:177: custom_config :
** Message: 10:18:16.790: environement.vala:178: config_dirs :/etc/xdg
** Message: 10:18:16.790: environement.vala:179: confir_dirs not null, export : /etc/xdg
** Message: 10:18:16.790: environement.vala:184: Exporting XDG_CONFIG_DIRS
** Message: 10:18:16.801: environement.vala:218: custom_data :
** Message: 10:18:16.801: environement.vala:219: data_dirs :/usr/local/share:/usr/share/raspi-ui-overrides:/usr/share:/usr/share/gdm:/var/lib/menu-xdg
** Message: 10:18:16.801: environement.vala:220: data_dirs not null, export : /usr/local/share:/usr/share/raspi-ui-overrides:/usr/share:/usr/share/gdm:/var/lib/menu-xdg
** Message: 10:18:16.801: environement.vala:225: Exporting XDG_DATA_DIRS
** Message: 10:18:16.802: utils.vala:39: Config system location : /etc/xdg/lxsession/LXDE-pi
** Message: 10:18:16.802: utils.vala:45: System system path location : /etc/xdg/lxsession/LXDE-pi/desktop.conf

** (lxsession:806): WARNING **: 10:18:16.804: utils.vala:70: No such file or directory
** Message: 10:18:16.804: environement.vala:254: No entry in [Environment_variable]. Key file does not have group “Environment_variable”

** (lxsession:806): WARNING **: 10:18:16.841: process.vala:49: Failed to execute child process “xprop” (No such file or directory)

** (lxsession:806): WARNING **: 10:18:16.841: process.vala:50: Error when launching xprop
** Message: 10:18:16.842: utils.vala:138: Config system location : /etc/xdg/lxsession/LXDE-pi
** Message: 10:18:16.842: utils.vala:144: System system path location : /etc/xdg/lxsession/LXDE-pi/conffiles.conf
** Message: 10:18:16.842: utils.vala:148: Final file used : /etc/xdg/lxsession/LXDE-pi/conffiles.conf
** Message: 10:18:16.843: options.vala:164: Activate xsettings_manager build-in
** Message: 10:18:16.843: utils.vala:39: Config system location : /etc/xdg/lxsession/LXDE-pi
** Message: 10:18:16.844: utils.vala:45: System system path location : /etc/xdg/lxsession/LXDE-pi/desktop.conf

** (lxsession:806): WARNING **: 10:18:16.845: utils.vala:70: No such file or directory
** Message: 10:18:17.271: app.vala:728: polkit separate
** Message: 10:18:17.275: app.vala:728: polkit separate
** Message: 10:18:17.333: app.vala:76: Launching lxpolkit 
** Message: 10:18:17.334: utils.vala:138: Config system location : /etc/xdg/lxsession/LXDE-pi
** Message: 10:18:17.334: utils.vala:144: System system path location : /etc/xdg/lxsession/LXDE-pi/autostart
** Message: 10:18:17.334: utils.vala:148: Final file used : /etc/xdg/lxsession/LXDE-pi/autostart
** Message: 10:18:17.335: autostart.vala:42: Autostart path : /etc/xdg/lxsession/LXDE-pi/autostart
** Message: 10:18:17.443: app.vala:76: Launching lxpanel 
** Message: 10:18:17.571: app.vala:76: Launching pcmanfm 

** (lxsession:806): WARNING **: 10:18:17.639: app.vala:86: Failed to execute child process “xscreensaver” (No such file or directory)

** (lxsession:806): WARNING **: 10:18:17.639: app.vala:87: Error when launching xscreensaver
** Message: 10:18:17.757: app.vala:76: Launching xset 
** Message: 10:18:17.861: app.vala:76: Launching xset 
** Message: 10:18:17.915: app.vala:76: Launching xset 
** Message: 10:18:18.066: options.vala:107: Create build-in Clipboard
** Message: 10:18:18.647: main.vala:450: Check keymap_mode (null)
** Message: 10:18:18.728: app.vala:76: Launching /usr/bin/ssh-agent 
SSH_AUTH_SOCK=/tmp/ssh-XXXXXXFQLjHi/agent.909; export SSH_AUTH_SOCK;
SSH_AGENT_PID=928; export SSH_AGENT_PID;
echo Agent pid 928;
Failure: No such entity
** Message: 10:18:20.866: app.vala:130: xset exit with this type of exit: 0
** Message: 10:18:20.867: app.vala:139: Exit normal, don't reload
** Message: 10:18:20.867: app.vala:130: xset exit with this type of exit: 0
** Message: 10:18:20.867: app.vala:139: Exit normal, don't reload
** Message: 10:18:20.868: app.vala:130: xset exit with this type of exit: 0
** Message: 10:18:20.868: app.vala:139: Exit normal, don't reload
** Message: 10:18:20.868: app.vala:130: /usr/bin/ssh-agent exit with this type of exit: 0
Openbox-Message: Unable to find a valid menu file "/usr/share/lxde/openbox/menu.xml"
grep: /home/parthapi/.config/lxpanel/LXDE-pi/panels/*: No such file or directory
** Message: 10:19:39.630: dhcpcdui: dhcpcd service not running; plugin hidden
** Message: 10:19:43.080: ptbatt: battery 0 not found
** Message: 10:19:49.117: up: Checking for updates

(lxpanel:887): GLib-GIO-CRITICAL **: 10:19:49.136: g_settings_get_value: assertion 'G_IS_SETTINGS (settings)' failed

(lxpanel:887): GLib-CRITICAL **: 10:19:49.137: g_variant_get_type: assertion 'value != NULL' failed

(lxpanel:887): GLib-CRITICAL **: 10:19:49.137: g_variant_type_is_subtype_of: assertion 'g_variant_type_check (type)' failed

(lxpanel:887): GLib-CRITICAL **: 10:19:49.137: g_variant_get_boolean: assertion 'g_variant_is_of_type (value, G_VARIANT_TYPE_BOOLEAN)' failed

(lxpanel:887): GLib-CRITICAL **: 10:19:49.138: g_variant_unref: assertion 'value != NULL' failed

(lxpanel:887): GLib-GIO-CRITICAL **: 10:19:49.138: g_settings_get_value: assertion 'G_IS_SETTINGS (settings)' failed

(lxpanel:887): GLib-CRITICAL **: 10:19:49.139: g_variant_get_type: assertion 'value != NULL' failed

(lxpanel:887): GLib-CRITICAL **: 10:19:49.139: g_variant_type_is_subtype_of: assertion 'g_variant_type_check (type)' failed

(lxpanel:887): GLib-CRITICAL **: 10:19:49.139: g_variant_get_boolean: assertion 'g_variant_is_of_type (value, G_VARIANT_TYPE_BOOLEAN)' failed

(lxpanel:887): GLib-CRITICAL **: 10:19:49.140: g_variant_unref: assertion 'value != NULL' failed

(lxpanel:887): GLib-GIO-CRITICAL **: 10:19:49.140: g_settings_get_value: assertion 'G_IS_SETTINGS (settings)' failed

(lxpanel:887): GLib-CRITICAL **: 10:19:49.141: g_variant_get_type: assertion 'value != NULL' failed

(lxpanel:887): GLib-CRITICAL **: 10:19:49.141: g_variant_type_is_subtype_of: assertion 'g_variant_type_check (type)' failed

(lxpanel:887): GLib-CRITICAL **: 10:19:49.141: g_variant_get_boolean: assertion 'g_variant_is_of_type (value, G_VARIANT_TYPE_BOOLEAN)' failed

(lxpanel:887): GLib-CRITICAL **: 10:19:49.142: g_variant_unref: assertion 'value != NULL' failed
** Message: 10:20:10.676: up: Cache updated - comparing versions
** Message: 10:20:58.653: up: Check complete - 8 updates available
